Using pre-set license
Built from '2020.3/release' branch; Version is '2020.3.2f1 (8fd9074bf66c) revision 9427207'; Using compiler version '192528614'; Build Type 'Release'
OS: 'Windows 10 Pro; OS build 19043.1288; Version 2009; 64bit' Language: 'ru' Physical Memory: 16329 MB
BatchMode: 1, IsHumanControllingUs: 0, StartBugReporterOnCrash: 0, Is64bit: 1, IsPro: 0

 COMMAND LINE ARGUMENTS:
C:\Program Files\Unity\Hub\Editor\2020.3.2f1\Editor\Unity.exe
-adb2
-batchMode
-noUpm
-name
AssetImportWorker1
-projectPath
C:/ProjectsUnity/Diablo-RPG/Diablo-RPG
-logFile
Logs/AssetImportWorker1.log
-srvPort
64641
Successfully changed project path to: C:/ProjectsUnity/Diablo-RPG/Diablo-RPG
C:/ProjectsUnity/Diablo-RPG/Diablo-RPG
Using Asset Import Pipeline V2.
Refreshing native plugins compatible for Editor in 72.89 ms, found 0 plugins.
Preloading 0 native plugins for Editor in 0.00 ms.
Initialize engine version: 2020.3.2f1 (8fd9074bf66c)
[Subsystems] Discovering subsystems at path C:/Program Files/Unity/Hub/Editor/2020.3.2f1/Editor/Data/Resources/UnitySubsystems
[Subsystems] Discovering subsystems at path C:/ProjectsUnity/Diablo-RPG/Diablo-RPG/Assets
GfxDevice: creating device client; threaded=0
Direct3D:
    Version:  Direct3D 11.0 [level 11.1]
    Renderer: Radeon RX 580 Series (ID=0x67df)
    Vendor:   
    VRAM:     8171 MB
    Driver:   27.20.22025.1006
Initialize mono
Mono path[0] = 'C:/Program Files/Unity/Hub/Editor/2020.3.2f1/Editor/Data/Managed'
Mono path[1] = 'C:/Program Files/Unity/Hub/Editor/2020.3.2f1/Editor/Data/MonoBleedingEdge/lib/mono/unityjit'
Mono config path = 'C:/Program Files/Unity/Hub/Editor/2020.3.2f1/Editor/Data/MonoBleedingEdge/etc'
Using monoOptions --debugger-agent=transport=dt_socket,embedding=1,server=y,suspend=n,address=127.0.0.1:56040
Begin MonoManager ReloadAssembly
Registering precompiled unity dll's ...
Register platform support module: C:/Program Files/Unity/Hub/Editor/2020.3.2f1/Editor/Data/PlaybackEngines/WindowsStandaloneSupport/UnityEditor.WindowsStandalone.Extensions.dll
Registered in 0.001438 seconds.
Native extension for WindowsStandalone target not found
Refreshing native plugins compatible for Editor in 71.58 ms, found 0 plugins.
Preloading 0 native plugins for Editor in 0.00 ms.
Invoked RoslynAnalysisRunner static constructor.
RoslynAnalysisRunner will not be running.
RoslynAnalysisRunner has terminated.
Mono: successfully reloaded assembly
- Completed reload, in  1.490 seconds
Platform modules already initialized, skipping
Registering precompiled user dll's ...
Registered in 0.004407 seconds.
Begin MonoManager ReloadAssembly
Native extension for WindowsStandalone target not found
Refreshing native plugins compatible for Editor in 76.54 ms, found 0 plugins.
Preloading 0 native plugins for Editor in 0.00 ms.
Invoked RoslynAnalysisRunner static constructor.
RoslynAnalysisRunner will not be running.
RoslynAnalysisRunner has terminated.
Mono: successfully reloaded assembly
- Completed reload, in  1.581 seconds
Platform modules already initialized, skipping
========================================================================
Worker process is ready to serve import requests
Launched and connected shader compiler UnityShaderCompiler.exe after 0.03 seconds
Refreshing native plugins compatible for Editor in 0.68 ms, found 0 plugins.
Preloading 0 native plugins for Editor in 0.00 ms.
Unloading 3912 Unused Serialized files (Serialized files now loaded: 0)
System memory in use before: 257.9 MB.
System memory in use after: 247.2 MB.

Unloading 45 unused Assets to reduce memory usage. Loaded Objects now: 4403.
Total: 21.551400 ms (FindLiveObjects: 0.548800 ms CreateObjectMapping: 0.147700 ms MarkObjects: 19.432100 ms  DeleteObjects: 1.421300 ms)

========================================================================
Received Import Request.
  path: Assets/States/Movement.asset
  artifactKey: Guid(e9dde46b0563d104ba8972dc96721d76) Importer(815301076,1909f56bfc062723c751e8b465ee728b)
Start importing Assets/States/Movement.asset using Guid(e9dde46b0563d104ba8972dc96721d76) Importer(815301076,1909f56bfc062723c751e8b465ee728b)  -> (artifact id: 'de983b51615463e9c3d4973ac6926a8d') in 0.034102 seconds
  Import took 0.042631 seconds .

========================================================================
Received Import Request.
  Time since last request: 0.000230 seconds.
  path: Assets/States/Attack.asset
  artifactKey: Guid(2c4e366c997646b42981753ce3fad34e) Importer(815301076,1909f56bfc062723c751e8b465ee728b)
Start importing Assets/States/Attack.asset using Guid(2c4e366c997646b42981753ce3fad34e) Importer(815301076,1909f56bfc062723c751e8b465ee728b)  -> (artifact id: 'e25ac50fe0e2d3ecbeb18effa98589a1') in 0.002168 seconds
  Import took 0.007541 seconds .

========================================================================
Received Prepare
Registering precompiled user dll's ...
Registered in 0.004692 seconds.
Begin MonoManager ReloadAssembly
Native extension for WindowsStandalone target not found
Refreshing native plugins compatible for Editor in 0.70 ms, found 0 plugins.
Preloading 0 native plugins for Editor in 0.00 ms.
Invoked RoslynAnalysisRunner static constructor.
RoslynAnalysisRunner will not be running.
RoslynAnalysisRunner has terminated.
Mono: successfully reloaded assembly
- Completed reload, in  1.232 seconds
Platform modules already initialized, skipping
Refreshing native plugins compatible for Editor in 0.69 ms, found 0 plugins.
Preloading 0 native plugins for Editor in 0.00 ms.
Unloading 3597 Unused Serialized files (Serialized files now loaded: 0)
System memory in use before: 247.6 MB.
System memory in use after: 237.0 MB.

Unloading 38 unused Assets to reduce memory usage. Loaded Objects now: 4406.
Total: 20.078500 ms (FindLiveObjects: 0.296900 ms CreateObjectMapping: 0.096100 ms MarkObjects: 18.241100 ms  DeleteObjects: 1.443200 ms)

AssetImportWorkerClient::OnTransportError - code=2 error=End of file
